2020-03-24T03:03:11.475Z - normal: Load ~/.CocosCreator/settings.json
2020-03-24T03:03:11.506Z - normal: Initializing Asset Database
2020-03-24T03:03:11.512Z - normal: checking language setting...
2020-03-24T03:03:11.512Z - normal: Language: zh
2020-03-24T03:03:11.811Z - success: preview server running at http://localhost:7456
2020-03-24T03:03:11.847Z - success: protocol editor-framework registered
2020-03-24T03:03:11.847Z - success: protocol app registered
2020-03-24T03:03:11.847Z - success: protocol theme registered
2020-03-24T03:03:11.847Z - success: protocol packages registered
2020-03-24T03:03:11.848Z - success: protocol uuid registerred
2020-03-24T03:03:11.848Z - success: protocol db registerred
2020-03-24T03:03:11.848Z - success: protocol thumbnail registerred
2020-03-24T03:03:11.848Z - success: protocol unpack registerred
2020-03-24T03:03:11.848Z - success: protocol disable-commonjs registerred
2020-03-24T03:03:11.928Z - normal: connected!
2020-03-24T03:03:11.929Z - normal: Check project /Users/lck/ccc_project/movingupGame/movingUp
2020-03-24T03:03:11.931Z - normal: Initializing project /Users/lck/ccc_project/movingupGame/movingUp
2020-03-24T03:03:11.956Z - success: adapters loaded
2020-03-24T03:03:11.978Z - success: asset-db-debugger loaded
2020-03-24T03:03:12.030Z - success: fb-audience-network loaded
2020-03-24T03:03:12.047Z - success: fb-live-stream loaded
2020-03-24T03:03:12.048Z - success: google-play-instant loaded
2020-03-24T03:03:12.054Z - success: huawei-runtime loaded
2020-03-24T03:03:12.055Z - success: jkw-adapter loaded
2020-03-24T03:03:12.055Z - success: jsb-adapter loaded
2020-03-24T03:03:12.058Z - success: oppo-runtime loaded
2020-03-24T03:03:12.122Z - success: package-manager loaded
2020-03-24T03:03:12.123Z - success: qtt-adapter loaded
2020-03-24T03:03:12.124Z - success: runtime-dev-tools loaded
2020-03-24T03:03:12.148Z - success: sdkbox loaded
2020-03-24T03:03:12.168Z - success: ui-kit-preview-extra loaded
2020-03-24T03:03:12.188Z - success: ui-kit-preview loaded
2020-03-24T03:03:12.191Z - success: vivo-runtime loaded
2020-03-24T03:03:12.193Z - success: alipay-minigame loaded
2020-03-24T03:03:12.258Z - success: assets loaded
2020-03-24T03:03:12.260Z - success: baidugame-opendata loaded
2020-03-24T03:03:12.261Z - success: baidugame loaded
2020-03-24T03:03:12.284Z - success: builder loaded
2020-03-24T03:03:12.408Z - success: cocos-services loaded
2020-03-24T03:03:12.432Z - success: console loaded
2020-03-24T03:03:12.441Z - success: fb-instant-games loaded
2020-03-24T03:03:12.463Z - success: game-window loaded
2020-03-24T03:03:12.464Z - success: google-instant-games loaded
2020-03-24T03:03:12.485Z - success: hierarchy loaded
2020-03-24T03:03:12.506Z - success: inspector loaded
2020-03-24T03:03:12.737Z - success: cpk-publish loaded
2020-03-24T03:03:12.745Z - success: keystore loaded
2020-03-24T03:03:12.769Z - success: node-library loaded
2020-03-24T03:03:12.770Z - success: open-recent-items loaded
2020-03-24T03:03:12.771Z - success: package-asset loaded
2020-03-24T03:03:12.772Z - success: preferences loaded
2020-03-24T03:03:12.793Z - success: project-exporter loaded
2020-03-24T03:03:12.816Z - success: project-importer loaded
2020-03-24T03:03:12.839Z - success: project-settings loaded
2020-03-24T03:03:12.855Z - success: qtt-runtime loaded
2020-03-24T03:03:12.877Z - success: scene loaded
2020-03-24T03:03:12.878Z - success: simulator-debugger loaded
2020-03-24T03:03:12.879Z - success: sprite-editor loaded
2020-03-24T03:03:12.901Z - success: store loaded
2020-03-24T03:03:12.924Z - success: timeline loaded
2020-03-24T03:03:12.927Z - success: wechatgame-opendata loaded
2020-03-24T03:03:12.929Z - success: wechatgame loaded
2020-03-24T03:03:12.932Z - success: xiaomi-runtime loaded
2020-03-24T03:03:13.444Z - info: Cocos Service load base data!
2020-03-24T03:03:13.532Z - normal: Initializing Cocos2d
2020-03-24T03:03:13.776Z - normal: Initializing engine extends
2020-03-24T03:03:16.635Z - normal: Loading packages
2020-03-24T03:03:16.644Z - normal: Watching packages
2020-03-24T03:03:16.715Z - normal: Run Application
2020-03-24T06:12:59.859Z - info: 只有预制节点 "holeLose" 及其子节点会被保存。
2020-03-24T06:13:02.834Z - info: 只有预制节点 "holeLose" 及其子节点会被保存。
2020-03-24T06:14:31.012Z - info: 只有预制节点 "holeLose" 及其子节点会被保存。
2020-03-24T06:16:55.899Z - info: 只有预制节点 "holeLose" 及其子节点会被保存。
2020-03-24T06:17:50.897Z - info: 只有预制节点 "holeLose" 及其子节点会被保存。
2020-03-24T06:17:51.670Z - info: 只有预制节点 "holeLose" 及其子节点会被保存。
2020-03-24T06:21:37.479Z - info: 只有预制节点 "holeLose" 及其子节点会被保存。
2020-03-24T06:22:44.469Z - info: 只有预制节点 "holeLose" 及其子节点会被保存。
2020-03-24T06:22:49.730Z - info: 只有预制节点 "hole" 及其子节点会被保存。
2020-03-24T06:22:55.539Z - info: 只有预制节点 "hole" 及其子节点会被保存。
